2023-10-18 12:46:56 -  - exec CUpdateClient::GetUpdatesList
2023-10-18 12:46:56 -  - exec CUpdateClient::CollectRequestData
2023-10-18 12:46:56 -  - LICENSE_KEY=X&lang=ru&SUPD_VER=23.300.0&VERSION=23.300.100&TYPENC=D&SUPD_STS=1&SUPD_URS=1&SUPD_DBS=MYSQL&XE=N&CLIENT_SITE=localhost&CHHB=localhost&CSAB=127.0.0.1&SUID=R&CANGZIP=Y&CLIENT_PHPVER=8.1.9&stable=Y&mbfo=0&NGINX=Y&SMD=N&rerere=Y&bitm_main=23.300.100&bitm_b24connector=22.0.0&bitm_bitrixcloud=22.100.0&bitm_blog=22.0.0&bitm_clouds=23.0.0&bitm_fileman=22.300.0&bitm_form=22.0.0&bitm_forum=23.0.0&bitm_highloadblock=22.200.0&bitm_iblock=23.100.0&bitm_landing=23.600.150&bitm_location=23.0.0&bitm_messageservice=23.0.0&bitm_mobileapp=23.0.0&bitm_perfmon=21.0.0&bitm_photogallery=22.0.200&bitm_rest=23.100.0&bitm_scale=21.0.0&bitm_search=22.100.0&bitm_security=21.300.0&bitm_seo=23.200.0&bitm_socialservices=22.200.400&bitm_subscribe=21.0.0&bitm_translate=23.200.0&bitm_ui=22.1600.0&bitm_vote=23.0.0&bitl_en=&bitl_ru=&SUPD_SRS=RU&SUPD_CMP=N&SALE_15=Y&LICENSE_SIGNED=%7Enew_license18_0_sign-Y
2023-10-18 12:46:56 -  - exec CUpdateClient::GetHTTPPage
2023-10-18 12:46:56 -  - TIME GetUpdatesList(request) 0.356 sec
2023-10-18 12:46:56 -  - exec CUpdateClient::ParseServerData
2023-10-18 12:46:56 -  - exec CUpdateClient::executeCounters
2023-10-18 12:46:56 -  - exec CUpdateClient::CollectRequestData
2023-10-18 12:46:56 -  - LICENSE_KEY=X&lang=ru&SUPD_VER=23.300.0&VERSION=23.300.100&TYPENC=D&SUPD_STS=1&SUPD_URS=1&SUPD_DBS=MYSQL&XE=N&CLIENT_SITE=localhost&CHHB=localhost&CSAB=127.0.0.1&SUID=R&CANGZIP=Y&CLIENT_PHPVER=8.1.9&stable=Y&mbfo=0&NGINX=Y&SMD=N&rerere=Y&bitm_main=23.300.100&bitm_b24connector=22.0.0&bitm_bitrixcloud=22.100.0&bitm_blog=22.0.0&bitm_clouds=23.0.0&bitm_fileman=22.300.0&bitm_form=22.0.0&bitm_forum=23.0.0&bitm_highloadblock=22.200.0&bitm_iblock=23.100.0&bitm_landing=23.600.150&bitm_location=23.0.0&bitm_messageservice=23.0.0&bitm_mobileapp=23.0.0&bitm_perfmon=21.0.0&bitm_photogallery=22.0.200&bitm_rest=23.100.0&bitm_scale=21.0.0&bitm_search=22.100.0&bitm_security=21.300.0&bitm_seo=23.200.0&bitm_socialservices=22.200.400&bitm_subscribe=21.0.0&bitm_translate=23.200.0&bitm_ui=22.1600.0&bitm_vote=23.0.0&bitl_en=&bitl_ru=&SUPD_SRS=RU&SUPD_CMP=N&SALE_15=Y&LICENSE_SIGNED=%7Enew_license18_0_sign-Y&query_type=counter&cntr_result[436]=X
2023-10-18 12:46:56 -  - exec CUpdateClient::GetHTTPPage
2023-10-18 12:46:57 -  - TIME executeCounters 0.187 sec
2023-10-18 12:47:34 -  - exec CUpdateClient::GetUpdatesList
2023-10-18 12:47:34 -  - exec CUpdateClient::CollectRequestData
2023-10-18 12:47:34 -  - LICENSE_KEY=X&lang=ru&SUPD_VER=23.300.0&VERSION=23.300.100&TYPENC=D&SUPD_STS=1&SUPD_URS=1&SUPD_DBS=MYSQL&XE=N&CLIENT_SITE=localhost&CHHB=localhost&CSAB=127.0.0.1&SUID=R&CANGZIP=Y&CLIENT_PHPVER=8.1.9&stable=Y&mbfo=0&NGINX=Y&SMD=N&rerere=Y&bitm_main=23.300.100&bitm_b24connector=22.0.0&bitm_bitrixcloud=22.100.0&bitm_blog=22.0.0&bitm_clouds=23.0.0&bitm_fileman=22.300.0&bitm_form=22.0.0&bitm_forum=23.0.0&bitm_highloadblock=22.200.0&bitm_iblock=23.100.0&bitm_landing=23.600.150&bitm_location=23.0.0&bitm_messageservice=23.0.0&bitm_mobileapp=23.0.0&bitm_perfmon=21.0.0&bitm_photogallery=22.0.200&bitm_rest=23.100.0&bitm_scale=21.0.0&bitm_search=22.100.0&bitm_security=21.300.0&bitm_seo=23.200.0&bitm_socialservices=22.200.400&bitm_subscribe=21.0.0&bitm_translate=23.200.0&bitm_ui=22.1600.0&bitm_vote=23.0.0&bitl_en=&bitl_ru=&SUPD_SRS=RU&SUPD_CMP=N&SALE_15=Y&LICENSE_SIGNED=%7Enew_license18_0_sign-Y
2023-10-18 12:47:34 -  - exec CUpdateClient::GetHTTPPage
2023-10-18 12:47:34 -  - TIME GetUpdatesList(request) 0.138 sec
2023-10-18 12:47:34 -  - exec CUpdateClient::ParseServerData
2023-10-18 12:47:34 -  - exec CUpdateClient::executeCounters
2023-10-18 12:47:34 -  - exec CUpdateClient::CollectRequestData
2023-10-18 12:47:34 -  - LICENSE_KEY=X&lang=ru&SUPD_VER=23.300.0&VERSION=23.300.100&TYPENC=D&SUPD_STS=1&SUPD_URS=1&SUPD_DBS=MYSQL&XE=N&CLIENT_SITE=localhost&CHHB=localhost&CSAB=127.0.0.1&SUID=R&CANGZIP=Y&CLIENT_PHPVER=8.1.9&stable=Y&mbfo=0&NGINX=Y&SMD=N&rerere=Y&bitm_main=23.300.100&bitm_b24connector=22.0.0&bitm_bitrixcloud=22.100.0&bitm_blog=22.0.0&bitm_clouds=23.0.0&bitm_fileman=22.300.0&bitm_form=22.0.0&bitm_forum=23.0.0&bitm_highloadblock=22.200.0&bitm_iblock=23.100.0&bitm_landing=23.600.150&bitm_location=23.0.0&bitm_messageservice=23.0.0&bitm_mobileapp=23.0.0&bitm_perfmon=21.0.0&bitm_photogallery=22.0.200&bitm_rest=23.100.0&bitm_scale=21.0.0&bitm_search=22.100.0&bitm_security=21.300.0&bitm_seo=23.200.0&bitm_socialservices=22.200.400&bitm_subscribe=21.0.0&bitm_translate=23.200.0&bitm_ui=22.1600.0&bitm_vote=23.0.0&bitl_en=&bitl_ru=&SUPD_SRS=RU&SUPD_CMP=N&SALE_15=Y&LICENSE_SIGNED=%7Enew_license18_0_sign-Y&query_type=counter&cntr_result[436]=X
2023-10-18 12:47:34 -  - exec CUpdateClient::GetHTTPPage
2023-10-18 12:47:34 -  - TIME executeCounters 0.142 sec
2023-10-18 12:47:35 -  - exec CUpdateClient::GetUpdatesList
2023-10-18 12:47:35 -  - exec CUpdateClient::CollectRequestData
2023-10-18 12:47:35 -  - LICENSE_KEY=X&lang=ru&SUPD_VER=23.300.0&VERSION=23.300.100&TYPENC=D&SUPD_STS=1&SUPD_URS=1&SUPD_DBS=MYSQL&XE=N&CLIENT_SITE=localhost&CHHB=localhost&CSAB=127.0.0.1&SUID=R&CANGZIP=Y&CLIENT_PHPVER=8.1.9&stable=Y&mbfo=0&NGINX=Y&SMD=N&rerere=Y&bitm_main=23.300.100&bitm_b24connector=22.0.0&bitm_bitrixcloud=22.100.0&bitm_blog=22.0.0&bitm_clouds=23.0.0&bitm_fileman=22.300.0&bitm_form=22.0.0&bitm_forum=23.0.0&bitm_highloadblock=22.200.0&bitm_iblock=23.100.0&bitm_landing=23.600.150&bitm_location=23.0.0&bitm_messageservice=23.0.0&bitm_mobileapp=23.0.0&bitm_perfmon=21.0.0&bitm_photogallery=22.0.200&bitm_rest=23.100.0&bitm_scale=21.0.0&bitm_search=22.100.0&bitm_security=21.300.0&bitm_seo=23.200.0&bitm_socialservices=22.200.400&bitm_subscribe=21.0.0&bitm_translate=23.200.0&bitm_ui=22.1600.0&bitm_vote=23.0.0&bitl_en=&bitl_ru=&SUPD_SRS=RU&SUPD_CMP=N&SALE_15=Y&LICENSE_SIGNED=%7Enew_license18_0_sign-Y
2023-10-18 12:47:35 -  - exec CUpdateClient::GetHTTPPage
2023-10-18 12:47:36 -  - TIME GetUpdatesList(request) 0.241 sec
2023-10-18 12:47:36 -  - exec CUpdateClient::ParseServerData
2023-10-18 12:47:36 -  - exec CUpdateClient::executeCounters
2023-10-18 12:47:36 -  - exec CUpdateClient::CollectRequestData
2023-10-18 12:47:36 -  - LICENSE_KEY=X&lang=ru&SUPD_VER=23.300.0&VERSION=23.300.100&TYPENC=D&SUPD_STS=1&SUPD_URS=1&SUPD_DBS=MYSQL&XE=N&CLIENT_SITE=localhost&CHHB=localhost&CSAB=127.0.0.1&SUID=R&CANGZIP=Y&CLIENT_PHPVER=8.1.9&stable=Y&mbfo=0&NGINX=Y&SMD=N&rerere=Y&bitm_main=23.300.100&bitm_b24connector=22.0.0&bitm_bitrixcloud=22.100.0&bitm_blog=22.0.0&bitm_clouds=23.0.0&bitm_fileman=22.300.0&bitm_form=22.0.0&bitm_forum=23.0.0&bitm_highloadblock=22.200.0&bitm_iblock=23.100.0&bitm_landing=23.600.150&bitm_location=23.0.0&bitm_messageservice=23.0.0&bitm_mobileapp=23.0.0&bitm_perfmon=21.0.0&bitm_photogallery=22.0.200&bitm_rest=23.100.0&bitm_scale=21.0.0&bitm_search=22.100.0&bitm_security=21.300.0&bitm_seo=23.200.0&bitm_socialservices=22.200.400&bitm_subscribe=21.0.0&bitm_translate=23.200.0&bitm_ui=22.1600.0&bitm_vote=23.0.0&bitl_en=&bitl_ru=&SUPD_SRS=RU&SUPD_CMP=N&SALE_15=Y&LICENSE_SIGNED=%7Enew_license18_0_sign-Y&query_type=counter&cntr_result[436]=X
2023-10-18 12:47:36 -  - exec CUpdateClient::GetHTTPPage
2023-10-18 12:47:36 -  - TIME executeCounters 0.217 sec
